<?xml version="1.0" encoding="UTF-8"?>
<!-- Generated by org.testng.reporters.JUnitXMLReporter -->
<testsuite ignored="0" hostname="Nuel-Legion" failures="1" tests="11" name="Basic Test" time="139.108" errors="0" timestamp="2025-11-21T20:01:34 ICT">
  <testcase classname="com.juaracoding.swaglabs.LoginTest" name="loginSuccessWithValidCredentialTest" time="0.466"/>
  <testcase classname="com.juaracoding.swaglabs.LoginTest" name="loginFailedWithInvalidUsernameTest" time="0.243"/>
  <testcase classname="com.juaracoding.swaglabs.LoginTest" name="loginFailedWithInvalidPasswordTest" time="0.323"/>
  <testcase classname="com.juaracoding.swaglabs.LoginTest" name="loginWithNullPasswordTest" time="0.278"/>
  <testcase classname="com.juaracoding.swaglabs.LoginTest" name="loginWithNullUsernameAndNullPasswordTest" time="0.235"/>
  <testcase classname="com.juaracoding.swaglabs.InventoryTest" name="addSingleProductToCartTest" time="5.648"/>
  <testcase classname="com.juaracoding.swaglabs.InventoryTest" name="addMultipleProductToCartTest" time="0.601"/>
  <testcase classname="com.juaracoding.swaglabs.InventoryTest" name="deleteProductFromInventariesPageTest" time="5.594"/>
  <testcase classname="com.juaracoding.swaglabs.InventoryTest" name="orderLowToHighBasePriceTest" time="0.543"/>
  <testcase classname="com.juaracoding.swaglabs.InventoryTest" name="forbidenAccessToInventoryPageWithoutLoginTest" time="0.455"/>
  <testcase classname="com.juaracoding.swaglabs.InventoryTest" name="resetApplicationSateAfterProductAddTest" time="16.337">
    <failure type="java.lang.AssertionError" message="expected [2] but found [0]">
      <![CDATA[java.lang.AssertionError: expected [2] but found [0]
at com.juaracoding.swaglabs.InventoryTest.resetApplicationSateAfterProductAddTest(InventoryTest.java:151)
at java.base/java.util.ArrayList.forEach(ArrayList.java:1596)
... Removed 36 stack frames]]>
    </failure>
  </testcase> <!-- resetApplicationSateAfterProductAddTest -->
</testsuite> <!-- Basic Test -->
