<?xml version="1.0" encoding="UTF-8"?>
<!-- Generated by org.testng.reporters.JUnitXMLReporter -->
<testsuite ignored="0" hostname="Nuel-Legion" failures="0" tests="6" name="Basic Test" time="69.273" errors="0" timestamp="2025-11-17T18:37:17 ICT">
  <testcase classname="com.juaracoding.swaglabs.LoginTest" name="loginSuccessWithValidCredentialTest" time="12.856"/>
  <testcase classname="com.juaracoding.swaglabs.LoginTest" name="loginFailedWithInvalidPasswordTest" time="12.497"/>
  <testcase classname="com.juaracoding.swaglabs.LoginTest" name="loginFailedWithInvalidUsernameTest" time="10.46"/>
  <testcase classname="com.juaracoding.swaglabs.LoginTest" name="loginWithNullPasswordTest" time="13.228"/>
  <testcase classname="com.juaracoding.swaglabs.LoginTest" name="loginWithNullUsernameAndNullPasswordTest" time="10.158"/>
  <testcase classname="com.juaracoding.swaglabs.InventoryTest" name="addSingleProductToChartTest" time="10.018"/>
</testsuite> <!-- Basic Test -->
