<?xml version="1.0" encoding="UTF-8"?>
<testsuite xmlns:xsi="http://www.w3.org/2001/XMLSchema-instance" xsi:noNamespaceSchemaLocation="https://maven.apache.org/surefire/maven-surefire-plugin/xsd/surefire-test-report-3.0.xsd" version="3.0" name="TestSuite" time="140.003" tests="11" errors="0" skipped="0" failures="1">
  <properties>
[...]
</properties>
  <testcase name="loginSuccessWithValidCredentialTest[standard_user, secret_sauce](1)" classname="com.juaracoding.swaglabs.LoginTest" time="0.467"/>
  <testcase name="loginFailedWithInvalidUsernameTest[invalid_user, secret_sauce](1)" classname="com.juaracoding.swaglabs.LoginTest" time="0.243">
    <system-out><![CDATA[Screenshot saved to: D:\SQA\swaglabs-test\target\screenshots\loginSuccessWithValidCredentialTest_success_2025-11-21_19-59-24.png
]]></system-out>
  </testcase>
  <testcase name="loginFailedWithInvalidPasswordTest[standard_user, invalid_password](1)" classname="com.juaracoding.swaglabs.LoginTest" time="0.322">
    <system-out><![CDATA[Screenshot saved to: D:\SQA\swaglabs-test\target\screenshots\loginFailedWithInvalidUsernameTest_success_2025-11-21_19-59-33.png
]]></system-out>
  </testcase>
  <testcase name="loginWithNullPasswordTest[, ](1)" classname="com.juaracoding.swaglabs.LoginTest" time="0.278">
    <system-out><![CDATA[Screenshot saved to: D:\SQA\swaglabs-test\target\screenshots\loginFailedWithInvalidPasswordTest_success_2025-11-21_19-59-43.png
]]></system-out>
  </testcase>
  <testcase name="loginWithNullUsernameAndNullPasswordTest[standard_user, ](1)" classname="com.juaracoding.swaglabs.LoginTest" time="0.234">
    <system-out><![CDATA[Screenshot saved to: D:\SQA\swaglabs-test\target\screenshots\loginWithNullPasswordTest_success_2025-11-21_19-59-52.png
]]></system-out>
  </testcase>
  <testcase name="addSingleProductToCartTest[standard_user, secret_sauce](1)" classname="com.juaracoding.swaglabs.InventoryTest" time="5.648">
    <system-out><![CDATA[Screenshot saved to: D:\SQA\swaglabs-test\target\screenshots\loginWithNullUsernameAndNullPasswordTest_success_2025-11-21_20-00-02.png
]]></system-out>
  </testcase>
  <testcase name="addMultipleProductToCartTest[standard_user, secret_sauce](1)" classname="com.juaracoding.swaglabs.InventoryTest" time="0.6">
    <system-out><![CDATA[Screenshot saved to: D:\SQA\swaglabs-test\target\screenshots\addSingleProductToCartTest_success_2025-11-21_20-00-19.png
]]></system-out>
  </testcase>
  <testcase name="deleteProductFromInventariesPageTest[standard_user, secret_sauce](1)" classname="com.juaracoding.swaglabs.InventoryTest" time="5.593">
    <system-out><![CDATA[Screenshot saved to: D:\SQA\swaglabs-test\target\screenshots\addMultipleProductToCartTest_success_2025-11-21_20-00-29.png
]]></system-out>
  </testcase>
  <testcase name="orderLowToHighBasePriceTest[standard_user, secret_sauce](1)" classname="com.juaracoding.swaglabs.InventoryTest" time="0.543">
    <system-out><![CDATA[Screenshot saved to: D:\SQA\swaglabs-test\target\screenshots\deleteProductFromInventariesPageTest_success_2025-11-21_20-00-44.png
]]></system-out>
  </testcase>
  <testcase name="forbidenAccessToInventoryPageWithoutLoginTest" classname="com.juaracoding.swaglabs.InventoryTest" time="0.455">
    <system-out><![CDATA[Screenshot saved to: D:\SQA\swaglabs-test\target\screenshots\orderLowToHighBasePriceTest_success_2025-11-21_20-00-55.png
]]></system-out>
  </testcase>
  <testcase name="resetApplicationSateAfterProductAddTest[standard_user, secret_sauce](1)" classname="com.juaracoding.swaglabs.InventoryTest" time="16.344">
    <failure message="expected [2] but found [0]" type="java.lang.AssertionError"><![CDATA[java.lang.AssertionError: expected [2] but found [0]
	at org.testng.Assert.fail(Assert.java:111)
	at org.testng.Assert.failNotEquals(Assert.java:1578)
	at org.testng.Assert.assertEqualsImpl(Assert.java:150)
	at org.testng.Assert.assertEquals(Assert.java:132)
	at org.testng.Assert.assertEquals(Assert.java:980)
	at org.testng.Assert.assertEquals(Assert.java:956)
	at org.testng.Assert.assertEquals(Assert.java:990)
	at com.juaracoding.swaglabs.InventoryTest.resetApplicationSateAfterProductAddTest(InventoryTest.java:151)
	at java.base/jdk.internal.reflect.DirectMethodHandleAccessor.invoke(DirectMethodHandleAccessor.java:103)
	at java.base/java.lang.reflect.Method.invoke(Method.java:580)
	at org.testng.internal.invokers.MethodInvocationHelper.invokeMethod(MethodInvocationHelper.java:141)
	at org.testng.internal.invokers.TestInvoker.invokeMethod(TestInvoker.java:686)
	at org.testng.internal.invokers.TestInvoker.invokeTestMethod(TestInvoker.java:230)
	at org.testng.internal.invokers.MethodRunner.runInSequence(MethodRunner.java:63)
	at org.testng.internal.invokers.TestInvoker$MethodInvocationAgent.invoke(TestInvoker.java:992)
	at org.testng.internal.invokers.TestInvoker.invokeTestMethods(TestInvoker.java:203)
	at org.testng.internal.invokers.TestMethodWorker.invokeTestMethods(TestMethodWorker.java:154)
	at org.testng.internal.invokers.TestMethodWorker.run(TestMethodWorker.java:134)
	at java.base/java.util.ArrayList.forEach(ArrayList.java:1596)
	at org.testng.TestRunner.privateRun(TestRunner.java:739)
	at org.testng.TestRunner.run(TestRunner.java:614)
	at org.testng.SuiteRunner.runTest(SuiteRunner.java:421)
	at org.testng.SuiteRunner.runSequentially(SuiteRunner.java:413)
	at org.testng.SuiteRunner.privateRun(SuiteRunner.java:373)
	at org.testng.SuiteRunner.run(SuiteRunner.java:312)
	at org.testng.SuiteRunnerWorker.runSuite(SuiteRunnerWorker.java:52)
	at org.testng.SuiteRunnerWorker.run(SuiteRunnerWorker.java:95)
	at org.testng.TestNG.runSuitesSequentially(TestNG.java:1274)
	at org.testng.TestNG.runSuitesLocally(TestNG.java:1208)
	at org.testng.TestNG.runSuites(TestNG.java:1112)
	at org.testng.TestNG.run(TestNG.java:1079)
	at org.apache.maven.surefire.testng.TestNGExecutor.run(TestNGExecutor.java:308)
	at org.apache.maven.surefire.testng.TestNGXmlTestSuite.execute(TestNGXmlTestSuite.java:71)
	at org.apache.maven.surefire.testng.TestNGProvider.invoke(TestNGProvider.java:113)
	at org.apache.maven.surefire.booter.ForkedBooter.runSuitesInProcess(ForkedBooter.java:385)
	at org.apache.maven.surefire.booter.ForkedBooter.execute(ForkedBooter.java:162)
	at org.apache.maven.surefire.booter.ForkedBooter.run(ForkedBooter.java:507)
	at org.apache.maven.surefire.booter.ForkedBooter.main(ForkedBooter.java:495)
]]></failure>
    <system-out><![CDATA[Screenshot saved to: D:\SQA\swaglabs-test\target\screenshots\forbidenAccessToInventoryPageWithoutLoginTest_success_2025-11-21_20-01-07.png
]]></system-out>
  </testcase>
</testsuite>