<?xml version="1.0" encoding="UTF-8"?>
<testsuite xmlns:xsi="http://www.w3.org/2001/XMLSchema-instance" xsi:noNamespaceSchemaLocation="https://maven.apache.org/surefire/maven-surefire-plugin/xsd/surefire-test-report-3.0.xsd" version="3.0" name="TestSuite" time="69.844" tests="6" errors="0" skipped="0" failures="0">
  <properties>
[...]
</properties>
  <testcase name="loginSuccessWithValidCredentialTest[standard_user, secret_sauce](1)" classname="com.juaracoding.swaglabs.LoginTest" time="12.856">
    <system-out><![CDATA[Screenshot saved to: D:\SQA\swaglabs-test\target\screenshots\loginSuccessWithValidCredentialTest_01_2025-11-17_18-36-19.png
]]></system-out>
  </testcase>
  <testcase name="loginFailedWithInvalidPasswordTest[invalid_user, secret_sauce](1)" classname="com.juaracoding.swaglabs.LoginTest" time="12.497">
    <system-out><![CDATA[Screenshot saved to: D:\SQA\swaglabs-test\target\screenshots\loginFailedWithInvalidPasswordTest_02_2025-11-17_18-36-32.png
]]></system-out>
  </testcase>
  <testcase name="loginFailedWithInvalidUsernameTest[standard_user, invalid_password](1)" classname="com.juaracoding.swaglabs.LoginTest" time="10.46">
    <system-out><![CDATA[Screenshot saved to: D:\SQA\swaglabs-test\target\screenshots\loginFailedWithInvalidUsernameTest_03_2025-11-17_18-36-42.png
]]></system-out>
  </testcase>
  <testcase name="loginWithNullPasswordTest[, ](1)" classname="com.juaracoding.swaglabs.LoginTest" time="13.228">
    <system-out><![CDATA[Screenshot saved to: D:\SQA\swaglabs-test\target\screenshots\loginWithNullPasswordTest_04_2025-11-17_18-36-56.png
]]></system-out>
  </testcase>
  <testcase name="loginWithNullUsernameAndNullPasswordTest[standard_user, ](1)" classname="com.juaracoding.swaglabs.LoginTest" time="10.158">
    <system-out><![CDATA[Screenshot saved to: D:\SQA\swaglabs-test\target\screenshots\loginWithNullUsernameAndNullPasswordTest_05_2025-11-17_18-37-06.png
]]></system-out>
  </testcase>
  <testcase name="addSingleProductToChartTest[standard_user, secret_sauce](1)" classname="com.juaracoding.swaglabs.InventoryTest" time="10.018">
    <system-out><![CDATA[Screenshot saved to: D:\SQA\swaglabs-test\target\screenshots\addSingleProductToChartTest_01_2025-11-17_18-37-16.png
]]></system-out>
  </testcase>
</testsuite>