<?xml version="1.0" encoding="UTF-8"?>
<testng-results ignored="0" total="11" passed="10" failed="1" skipped="0">
  <reporter-output>
    <line>
      <![CDATA[<div><img style='width: 30%' src='../screenshots/loginSuccessWithValidCredentialTest_success_2025-11-21_19-59-24.png' /></div>]]>
    </line>
    <line>
      <![CDATA[<div><a href='../screenshots/loginSuccessWithValidCredentialTest_success_2025-11-21_19-59-24.png' target='_blank'>loginSuccessWithValidCredentialTest</a></div>]]>
    </line>
    <line>
      <![CDATA[<div><img style='width: 30%' src='../screenshots/loginFailedWithInvalidUsernameTest_success_2025-11-21_19-59-33.png' /></div>]]>
    </line>
    <line>
      <![CDATA[<div><a href='../screenshots/loginFailedWithInvalidUsernameTest_success_2025-11-21_19-59-33.png' target='_blank'>loginFailedWithInvalidUsernameTest</a></div>]]>
    </line>
    <line>
      <![CDATA[<div><img style='width: 30%' src='../screenshots/loginFailedWithInvalidPasswordTest_success_2025-11-21_19-59-43.png' /></div>]]>
    </line>
    <line>
      <![CDATA[<div><a href='../screenshots/loginFailedWithInvalidPasswordTest_success_2025-11-21_19-59-43.png' target='_blank'>loginFailedWithInvalidPasswordTest</a></div>]]>
    </line>
    <line>
      <![CDATA[<div><img style='width: 30%' src='../screenshots/loginWithNullPasswordTest_success_2025-11-21_19-59-52.png' /></div>]]>
    </line>
    <line>
      <![CDATA[<div><a href='../screenshots/loginWithNullPasswordTest_success_2025-11-21_19-59-52.png' target='_blank'>loginWithNullPasswordTest</a></div>]]>
    </line>
    <line>
      <![CDATA[<div><img style='width: 30%' src='../screenshots/loginWithNullUsernameAndNullPasswordTest_success_2025-11-21_20-00-02.png' /></div>]]>
    </line>
    <line>
      <![CDATA[<div><a href='../screenshots/loginWithNullUsernameAndNullPasswordTest_success_2025-11-21_20-00-02.png' target='_blank'>loginWithNullUsernameAndNullPasswordTest</a></div>]]>
    </line>
    <line>
      <![CDATA[<div><img style='width: 30%' src='../screenshots/addSingleProductToCartTest_success_2025-11-21_20-00-19.png' /></div>]]>
    </line>
    <line>
      <![CDATA[<div><a href='../screenshots/addSingleProductToCartTest_success_2025-11-21_20-00-19.png' target='_blank'>addSingleProductToCartTest</a></div>]]>
    </line>
    <line>
      <![CDATA[<div><img style='width: 30%' src='../screenshots/addMultipleProductToCartTest_success_2025-11-21_20-00-29.png' /></div>]]>
    </line>
    <line>
      <![CDATA[<div><a href='../screenshots/addMultipleProductToCartTest_success_2025-11-21_20-00-29.png' target='_blank'>addMultipleProductToCartTest</a></div>]]>
    </line>
    <line>
      <![CDATA[<div><img style='width: 30%' src='../screenshots/deleteProductFromInventariesPageTest_success_2025-11-21_20-00-44.png' /></div>]]>
    </line>
    <line>
      <![CDATA[<div><a href='../screenshots/deleteProductFromInventariesPageTest_success_2025-11-21_20-00-44.png' target='_blank'>deleteProductFromInventariesPageTest</a></div>]]>
    </line>
    <line>
      <![CDATA[<div><img style='width: 30%' src='../screenshots/orderLowToHighBasePriceTest_success_2025-11-21_20-00-55.png' /></div>]]>
    </line>
    <line>
      <![CDATA[<div><a href='../screenshots/orderLowToHighBasePriceTest_success_2025-11-21_20-00-55.png' target='_blank'>orderLowToHighBasePriceTest</a></div>]]>
    </line>
    <line>
      <![CDATA[<div><img style='width: 30%' src='../screenshots/forbidenAccessToInventoryPageWithoutLoginTest_success_2025-11-21_20-01-07.png' /></div>]]>
    </line>
    <line>
      <![CDATA[<div><a href='../screenshots/forbidenAccessToInventoryPageWithoutLoginTest_success_2025-11-21_20-01-07.png' target='_blank'>forbidenAccessToInventoryPageWithoutLoginTest</a></div>]]>
    </line>
    <line>
      <![CDATA[<div><img style='width: 30%' src='../screenshots/resetApplicationSateAfterProductAddTest_fail_2025-11-21_20-01-33.png' /></div>]]>
    </line>
    <line>
      <![CDATA[<div><a href='../screenshots/resetApplicationSateAfterProductAddTest_fail_2025-11-21_20-01-33.png' target='_blank'>resetApplicationSateAfterProductAddTest</a></div>]]>
    </line>
  </reporter-output>
  <suite started-at="2025-11-21T19:59:15 ICT" name="Java Testing" finished-at="2025-11-21T20:01:34 ICT" duration-ms="139108">
    <groups>
    </groups>
    <test started-at="2025-11-21T19:59:15 ICT" name="Basic Test" finished-at="2025-11-21T20:01:34 ICT" duration-ms="139108">
      <class name="com.juaracoding.swaglabs.InventoryTest">
        <test-method is-config="true" signature="setUp(org.testng.ITestContext)[pri:0, instance:com.juaracoding.swaglabs.InventoryTest@6c64cb25]" started-at="2025-11-21T20:00:03 ICT" name="setUp" finished-at="2025-11-21T20:00:13 ICT" duration-ms="9345" status="PASS">
          <params>
            <param index="0">
              <value>
                <![CDATA[org.testng.TestRunner@1e86a5a7]]>
              </value>
            </param>
          </params>
          <reporter-output>
          </reporter-output>
        </test-method> <!-- setUp -->
        <test-method signature="addSingleProductToCartTest(java.lang.String,java.lang.String)[pri:1, instance:com.juaracoding.swaglabs.InventoryTest@6c64cb25]" started-at="2025-11-21T20:00:13 ICT" name="addSingleProductToCartTest" finished-at="2025-11-21T20:00:18 ICT" duration-ms="5648" status="PASS">
          <params>
            <param index="0">
              <value>
                <![CDATA[standard_user]]>
              </value>
            </param>
            <param index="1">
              <value>
                <![CDATA[secret_sauce]]>
              </value>
            </param>
          </params>
          <reporter-output>
            <line>
              <![CDATA[<div><img style='width: 30%' src='../screenshots/addSingleProductToCartTest_success_2025-11-21_20-00-19.png' /></div>]]>
            </line>
            <line>
              <![CDATA[<div><a href='../screenshots/addSingleProductToCartTest_success_2025-11-21_20-00-19.png' target='_blank'>addSingleProductToCartTest</a></div>]]>
            </line>
          </reporter-output>
        </test-method> <!-- addSingleProductToCartTest -->
        <test-method is-config="true" signature="teardown(org.testng.ITestContext)[pri:0, instance:com.juaracoding.swaglabs.InventoryTest@6c64cb25]" started-at="2025-11-21T20:00:19 ICT" name="teardown" finished-at="2025-11-21T20:00:20 ICT" duration-ms="1047" status="PASS">
          <params>
            <param index="0">
              <value>
                <![CDATA[org.testng.TestRunner@1e86a5a7]]>
              </value>
            </param>
          </params>
          <reporter-output>
          </reporter-output>
        </test-method> <!-- teardown -->
        <test-method is-config="true" signature="setUp(org.testng.ITestContext)[pri:0, instance:com.juaracoding.swaglabs.InventoryTest@6c64cb25]" started-at="2025-11-21T20:00:20 ICT" name="setUp" finished-at="2025-11-21T20:00:29 ICT" duration-ms="9007" status="PASS">
          <params>
            <param index="0">
              <value>
                <![CDATA[org.testng.TestRunner@1e86a5a7]]>
              </value>
            </param>
          </params>
          <reporter-output>
          </reporter-output>
        </test-method> <!-- setUp -->
        <test-method signature="addMultipleProductToCartTest(java.lang.String,java.lang.String)[pri:2, instance:com.juaracoding.swaglabs.InventoryTest@6c64cb25]" started-at="2025-11-21T20:00:29 ICT" name="addMultipleProductToCartTest" finished-at="2025-11-21T20:00:29 ICT" duration-ms="601" status="PASS">
          <params>
            <param index="0">
              <value>
                <![CDATA[standard_user]]>
              </value>
            </param>
            <param index="1">
              <value>
                <![CDATA[secret_sauce]]>
              </value>
            </param>
          </params>
          <reporter-output>
            <line>
              <![CDATA[<div><img style='width: 30%' src='../screenshots/addMultipleProductToCartTest_success_2025-11-21_20-00-29.png' /></div>]]>
            </line>
            <line>
              <![CDATA[<div><a href='../screenshots/addMultipleProductToCartTest_success_2025-11-21_20-00-29.png' target='_blank'>addMultipleProductToCartTest</a></div>]]>
            </line>
          </reporter-output>
        </test-method> <!-- addMultipleProductToCartTest -->
        <test-method is-config="true" signature="teardown(org.testng.ITestContext)[pri:0, instance:com.juaracoding.swaglabs.InventoryTest@6c64cb25]" started-at="2025-11-21T20:00:29 ICT" name="teardown" finished-at="2025-11-21T20:00:31 ICT" duration-ms="1364" status="PASS">
          <params>
            <param index="0">
              <value>
                <![CDATA[org.testng.TestRunner@1e86a5a7]]>
              </value>
            </param>
          </params>
          <reporter-output>
          </reporter-output>
        </test-method> <!-- teardown -->
        <test-method is-config="true" signature="setUp(org.testng.ITestContext)[pri:0, instance:com.juaracoding.swaglabs.InventoryTest@6c64cb25]" started-at="2025-11-21T20:00:31 ICT" name="setUp" finished-at="2025-11-21T20:00:38 ICT" duration-ms="7596" status="PASS">
          <params>
            <param index="0">
              <value>
                <![CDATA[org.testng.TestRunner@1e86a5a7]]>
              </value>
            </param>
          </params>
          <reporter-output>
          </reporter-output>
        </test-method> <!-- setUp -->
        <test-method signature="deleteProductFromInventariesPageTest(java.lang.String,java.lang.String)[pri:3, instance:com.juaracoding.swaglabs.InventoryTest@6c64cb25]" started-at="2025-11-21T20:00:38 ICT" name="deleteProductFromInventariesPageTest" finished-at="2025-11-21T20:00:44 ICT" duration-ms="5594" status="PASS">
          <params>
            <param index="0">
              <value>
                <![CDATA[standard_user]]>
              </value>
            </param>
            <param index="1">
              <value>
                <![CDATA[secret_sauce]]>
              </value>
            </param>
          </params>
          <reporter-output>
            <line>
              <![CDATA[<div><img style='width: 30%' src='../screenshots/deleteProductFromInventariesPageTest_success_2025-11-21_20-00-44.png' /></div>]]>
            </line>
            <line>
              <![CDATA[<div><a href='../screenshots/deleteProductFromInventariesPageTest_success_2025-11-21_20-00-44.png' target='_blank'>deleteProductFromInventariesPageTest</a></div>]]>
            </line>
          </reporter-output>
        </test-method> <!-- deleteProductFromInventariesPageTest -->
        <test-method is-config="true" signature="teardown(org.testng.ITestContext)[pri:0, instance:com.juaracoding.swaglabs.InventoryTest@6c64cb25]" started-at="2025-11-21T20:00:44 ICT" name="teardown" finished-at="2025-11-21T20:00:46 ICT" duration-ms="1729" status="PASS">
          <params>
            <param index="0">
              <value>
                <![CDATA[org.testng.TestRunner@1e86a5a7]]>
              </value>
            </param>
          </params>
          <reporter-output>
          </reporter-output>
        </test-method> <!-- teardown -->
        <test-method is-config="true" signature="setUp(org.testng.ITestContext)[pri:0, instance:com.juaracoding.swaglabs.InventoryTest@6c64cb25]" started-at="2025-11-21T20:00:46 ICT" name="setUp" finished-at="2025-11-21T20:00:54 ICT" duration-ms="8389" status="PASS">
          <params>
            <param index="0">
              <value>
                <![CDATA[org.testng.TestRunner@1e86a5a7]]>
              </value>
            </param>
          </params>
          <reporter-output>
          </reporter-output>
        </test-method> <!-- setUp -->
        <test-method signature="orderLowToHighBasePriceTest(java.lang.String,java.lang.String)[pri:4, instance:com.juaracoding.swaglabs.InventoryTest@6c64cb25]" started-at="2025-11-21T20:00:54 ICT" name="orderLowToHighBasePriceTest" finished-at="2025-11-21T20:00:55 ICT" duration-ms="543" status="PASS">
          <params>
            <param index="0">
              <value>
                <![CDATA[standard_user]]>
              </value>
            </param>
            <param index="1">
              <value>
                <![CDATA[secret_sauce]]>
              </value>
            </param>
          </params>
          <reporter-output>
            <line>
              <![CDATA[<div><img style='width: 30%' src='../screenshots/orderLowToHighBasePriceTest_success_2025-11-21_20-00-55.png' /></div>]]>
            </line>
            <line>
              <![CDATA[<div><a href='../screenshots/orderLowToHighBasePriceTest_success_2025-11-21_20-00-55.png' target='_blank'>orderLowToHighBasePriceTest</a></div>]]>
            </line>
          </reporter-output>
        </test-method> <!-- orderLowToHighBasePriceTest -->
        <test-method is-config="true" signature="teardown(org.testng.ITestContext)[pri:0, instance:com.juaracoding.swaglabs.InventoryTest@6c64cb25]" started-at="2025-11-21T20:00:55 ICT" name="teardown" finished-at="2025-11-21T20:00:56 ICT" duration-ms="1164" status="PASS">
          <params>
            <param index="0">
              <value>
                <![CDATA[org.testng.TestRunner@1e86a5a7]]>
              </value>
            </param>
          </params>
          <reporter-output>
          </reporter-output>
        </test-method> <!-- teardown -->
        <test-method is-config="true" signature="setUp(org.testng.ITestContext)[pri:0, instance:com.juaracoding.swaglabs.InventoryTest@6c64cb25]" started-at="2025-11-21T20:00:56 ICT" name="setUp" finished-at="2025-11-21T20:01:07 ICT" duration-ms="10511" status="PASS">
          <params>
            <param index="0">
              <value>
                <![CDATA[org.testng.TestRunner@1e86a5a7]]>
              </value>
            </param>
          </params>
          <reporter-output>
          </reporter-output>
        </test-method> <!-- setUp -->
        <test-method signature="forbidenAccessToInventoryPageWithoutLoginTest()[pri:5, instance:com.juaracoding.swaglabs.InventoryTest@6c64cb25]" started-at="2025-11-21T20:01:07 ICT" name="forbidenAccessToInventoryPageWithoutLoginTest" finished-at="2025-11-21T20:01:07 ICT" duration-ms="455" status="PASS">
          <reporter-output>
            <line>
              <![CDATA[<div><img style='width: 30%' src='../screenshots/forbidenAccessToInventoryPageWithoutLoginTest_success_2025-11-21_20-01-07.png' /></div>]]>
            </line>
            <line>
              <![CDATA[<div><a href='../screenshots/forbidenAccessToInventoryPageWithoutLoginTest_success_2025-11-21_20-01-07.png' target='_blank'>forbidenAccessToInventoryPageWithoutLoginTest</a></div>]]>
            </line>
          </reporter-output>
        </test-method> <!-- forbidenAccessToInventoryPageWithoutLoginTest -->
        <test-method is-config="true" signature="teardown(org.testng.ITestContext)[pri:0, instance:com.juaracoding.swaglabs.InventoryTest@6c64cb25]" started-at="2025-11-21T20:01:07 ICT" name="teardown" finished-at="2025-11-21T20:01:08 ICT" duration-ms="1252" status="PASS">
          <params>
            <param index="0">
              <value>
                <![CDATA[org.testng.TestRunner@1e86a5a7]]>
              </value>
            </param>
          </params>
          <reporter-output>
          </reporter-output>
        </test-method> <!-- teardown -->
        <test-method is-config="true" signature="setUp(org.testng.ITestContext)[pri:0, instance:com.juaracoding.swaglabs.InventoryTest@6c64cb25]" started-at="2025-11-21T20:01:08 ICT" name="setUp" finished-at="2025-11-21T20:01:16 ICT" duration-ms="7903" status="PASS">
          <params>
            <param index="0">
              <value>
                <![CDATA[org.testng.TestRunner@1e86a5a7]]>
              </value>
            </param>
          </params>
          <reporter-output>
          </reporter-output>
        </test-method> <!-- setUp -->
        <test-method signature="resetApplicationSateAfterProductAddTest(java.lang.String,java.lang.String)[pri:6, instance:com.juaracoding.swaglabs.InventoryTest@6c64cb25]" started-at="2025-11-21T20:01:16 ICT" name="resetApplicationSateAfterProductAddTest" finished-at="2025-11-21T20:01:33 ICT" duration-ms="16337" status="FAIL">
          <params>
            <param index="0">
              <value>
                <![CDATA[standard_user]]>
              </value>
            </param>
            <param index="1">
              <value>
                <![CDATA[secret_sauce]]>
              </value>
            </param>
          </params>
          <exception class="java.lang.AssertionError">
            <message>
              <![CDATA[expected [2] but found [0]]]>
            </message>
            <full-stacktrace>
              <![CDATA[java.lang.AssertionError: expected [2] but found [0]
at org.testng.Assert.fail(Assert.java:111)
at org.testng.Assert.failNotEquals(Assert.java:1578)
at org.testng.Assert.assertEqualsImpl(Assert.java:150)
at org.testng.Assert.assertEquals(Assert.java:132)
at org.testng.Assert.assertEquals(Assert.java:980)
at org.testng.Assert.assertEquals(Assert.java:956)
at org.testng.Assert.assertEquals(Assert.java:990)
at com.juaracoding.swaglabs.InventoryTest.resetApplicationSateAfterProductAddTest(InventoryTest.java:151)
at java.base/jdk.internal.reflect.DirectMethodHandleAccessor.invoke(DirectMethodHandleAccessor.java:103)
at java.base/java.lang.reflect.Method.invoke(Method.java:580)
at org.testng.internal.invokers.MethodInvocationHelper.invokeMethod(MethodInvocationHelper.java:141)
at org.testng.internal.invokers.TestInvoker.invokeMethod(TestInvoker.java:686)
at org.testng.internal.invokers.TestInvoker.invokeTestMethod(TestInvoker.java:230)
at org.testng.internal.invokers.MethodRunner.runInSequence(MethodRunner.java:63)
at org.testng.internal.invokers.TestInvoker$MethodInvocationAgent.invoke(TestInvoker.java:992)
at org.testng.internal.invokers.TestInvoker.invokeTestMethods(TestInvoker.java:203)
at org.testng.internal.invokers.TestMethodWorker.invokeTestMethods(TestMethodWorker.java:154)
at org.testng.internal.invokers.TestMethodWorker.run(TestMethodWorker.java:134)
at java.base/java.util.ArrayList.forEach(ArrayList.java:1596)
at org.testng.TestRunner.privateRun(TestRunner.java:739)
at org.testng.TestRunner.run(TestRunner.java:614)
at org.testng.SuiteRunner.runTest(SuiteRunner.java:421)
at org.testng.SuiteRunner.runSequentially(SuiteRunner.java:413)
at org.testng.SuiteRunner.privateRun(SuiteRunner.java:373)
at org.testng.SuiteRunner.run(SuiteRunner.java:312)
at org.testng.SuiteRunnerWorker.runSuite(SuiteRunnerWorker.java:52)
at org.testng.SuiteRunnerWorker.run(SuiteRunnerWorker.java:95)
at org.testng.TestNG.runSuitesSequentially(TestNG.java:1274)
at org.testng.TestNG.runSuitesLocally(TestNG.java:1208)
at org.testng.TestNG.runSuites(TestNG.java:1112)
at org.testng.TestNG.run(TestNG.java:1079)
at org.apache.maven.surefire.testng.TestNGExecutor.run(TestNGExecutor.java:308)
at org.apache.maven.surefire.testng.TestNGXmlTestSuite.execute(TestNGXmlTestSuite.java:71)
at org.apache.maven.surefire.testng.TestNGProvider.invoke(TestNGProvider.java:113)
at org.apache.maven.surefire.booter.ForkedBooter.runSuitesInProcess(ForkedBooter.java:385)
at org.apache.maven.surefire.booter.ForkedBooter.execute(ForkedBooter.java:162)
at org.apache.maven.surefire.booter.ForkedBooter.run(ForkedBooter.java:507)
at org.apache.maven.surefire.booter.ForkedBooter.main(ForkedBooter.java:495)
]]>
            </full-stacktrace>
          </exception> <!-- java.lang.AssertionError -->
          <reporter-output>
            <line>
              <![CDATA[<div><img style='width: 30%' src='../screenshots/resetApplicationSateAfterProductAddTest_fail_2025-11-21_20-01-33.png' /></div>]]>
            </line>
            <line>
              <![CDATA[<div><a href='../screenshots/resetApplicationSateAfterProductAddTest_fail_2025-11-21_20-01-33.png' target='_blank'>resetApplicationSateAfterProductAddTest</a></div>]]>
            </line>
          </reporter-output>
        </test-method> <!-- resetApplicationSateAfterProductAddTest -->
        <test-method is-config="true" signature="teardown(org.testng.ITestContext)[pri:0, instance:com.juaracoding.swaglabs.InventoryTest@6c64cb25]" started-at="2025-11-21T20:01:33 ICT" name="teardown" finished-at="2025-11-21T20:01:34 ICT" duration-ms="1230" status="PASS">
          <params>
            <param index="0">
              <value>
                <![CDATA[org.testng.TestRunner@1e86a5a7]]>
              </value>
            </param>
          </params>
          <reporter-output>
          </reporter-output>
        </test-method> <!-- teardown -->
      </class> <!-- com.juaracoding.swaglabs.InventoryTest -->
      <class name="com.juaracoding.swaglabs.LoginTest">
        <test-method is-config="true" signature="setUp(org.testng.ITestContext)[pri:0, instance:com.juaracoding.swaglabs.LoginTest@795cd85e]" started-at="2025-11-21T19:59:15 ICT" name="setUp" finished-at="2025-11-21T19:59:23 ICT" duration-ms="8472" status="PASS">
          <params>
            <param index="0">
              <value>
                <![CDATA[org.testng.TestRunner@1e86a5a7]]>
              </value>
            </param>
          </params>
          <reporter-output>
          </reporter-output>
        </test-method> <!-- setUp -->
        <test-method signature="loginSuccessWithValidCredentialTest(java.lang.String,java.lang.String)[pri:1, instance:com.juaracoding.swaglabs.LoginTest@795cd85e]" started-at="2025-11-21T19:59:23 ICT" name="loginSuccessWithValidCredentialTest" finished-at="2025-11-21T19:59:24 ICT" duration-ms="466" status="PASS">
          <params>
            <param index="0">
              <value>
                <![CDATA[standard_user]]>
              </value>
            </param>
            <param index="1">
              <value>
                <![CDATA[secret_sauce]]>
              </value>
            </param>
          </params>
          <reporter-output>
            <line>
              <![CDATA[<div><img style='width: 30%' src='../screenshots/loginSuccessWithValidCredentialTest_success_2025-11-21_19-59-24.png' /></div>]]>
            </line>
            <line>
              <![CDATA[<div><a href='../screenshots/loginSuccessWithValidCredentialTest_success_2025-11-21_19-59-24.png' target='_blank'>loginSuccessWithValidCredentialTest</a></div>]]>
            </line>
          </reporter-output>
        </test-method> <!-- loginSuccessWithValidCredentialTest -->
        <test-method is-config="true" signature="teardown(org.testng.ITestContext)[pri:0, instance:com.juaracoding.swaglabs.LoginTest@795cd85e]" started-at="2025-11-21T19:59:24 ICT" name="teardown" finished-at="2025-11-21T19:59:25 ICT" duration-ms="1395" status="PASS">
          <params>
            <param index="0">
              <value>
                <![CDATA[org.testng.TestRunner@1e86a5a7]]>
              </value>
            </param>
          </params>
          <reporter-output>
          </reporter-output>
        </test-method> <!-- teardown -->
        <test-method is-config="true" signature="setUp(org.testng.ITestContext)[pri:0, instance:com.juaracoding.swaglabs.LoginTest@795cd85e]" started-at="2025-11-21T19:59:25 ICT" name="setUp" finished-at="2025-11-21T19:59:33 ICT" duration-ms="7674" status="PASS">
          <params>
            <param index="0">
              <value>
                <![CDATA[org.testng.TestRunner@1e86a5a7]]>
              </value>
            </param>
          </params>
          <reporter-output>
          </reporter-output>
        </test-method> <!-- setUp -->
        <test-method signature="loginFailedWithInvalidUsernameTest(java.lang.String,java.lang.String)[pri:2, instance:com.juaracoding.swaglabs.LoginTest@795cd85e]" started-at="2025-11-21T19:59:33 ICT" name="loginFailedWithInvalidUsernameTest" finished-at="2025-11-21T19:59:33 ICT" duration-ms="243" status="PASS">
          <params>
            <param index="0">
              <value>
                <![CDATA[invalid_user]]>
              </value>
            </param>
            <param index="1">
              <value>
                <![CDATA[secret_sauce]]>
              </value>
            </param>
          </params>
          <reporter-output>
            <line>
              <![CDATA[<div><img style='width: 30%' src='../screenshots/loginFailedWithInvalidUsernameTest_success_2025-11-21_19-59-33.png' /></div>]]>
            </line>
            <line>
              <![CDATA[<div><a href='../screenshots/loginFailedWithInvalidUsernameTest_success_2025-11-21_19-59-33.png' target='_blank'>loginFailedWithInvalidUsernameTest</a></div>]]>
            </line>
          </reporter-output>
        </test-method> <!-- loginFailedWithInvalidUsernameTest -->
        <test-method is-config="true" signature="teardown(org.testng.ITestContext)[pri:0, instance:com.juaracoding.swaglabs.LoginTest@795cd85e]" started-at="2025-11-21T19:59:33 ICT" name="teardown" finished-at="2025-11-21T19:59:35 ICT" duration-ms="1257" status="PASS">
          <params>
            <param index="0">
              <value>
                <![CDATA[org.testng.TestRunner@1e86a5a7]]>
              </value>
            </param>
          </params>
          <reporter-output>
          </reporter-output>
        </test-method> <!-- teardown -->
        <test-method is-config="true" signature="setUp(org.testng.ITestContext)[pri:0, instance:com.juaracoding.swaglabs.LoginTest@795cd85e]" started-at="2025-11-21T19:59:35 ICT" name="setUp" finished-at="2025-11-21T19:59:43 ICT" duration-ms="8225" status="PASS">
          <params>
            <param index="0">
              <value>
                <![CDATA[org.testng.TestRunner@1e86a5a7]]>
              </value>
            </param>
          </params>
          <reporter-output>
          </reporter-output>
        </test-method> <!-- setUp -->
        <test-method signature="loginFailedWithInvalidPasswordTest(java.lang.String,java.lang.String)[pri:3, instance:com.juaracoding.swaglabs.LoginTest@795cd85e]" started-at="2025-11-21T19:59:43 ICT" name="loginFailedWithInvalidPasswordTest" finished-at="2025-11-21T19:59:43 ICT" duration-ms="323" status="PASS">
          <params>
            <param index="0">
              <value>
                <![CDATA[standard_user]]>
              </value>
            </param>
            <param index="1">
              <value>
                <![CDATA[invalid_password]]>
              </value>
            </param>
          </params>
          <reporter-output>
            <line>
              <![CDATA[<div><img style='width: 30%' src='../screenshots/loginFailedWithInvalidPasswordTest_success_2025-11-21_19-59-43.png' /></div>]]>
            </line>
            <line>
              <![CDATA[<div><a href='../screenshots/loginFailedWithInvalidPasswordTest_success_2025-11-21_19-59-43.png' target='_blank'>loginFailedWithInvalidPasswordTest</a></div>]]>
            </line>
          </reporter-output>
        </test-method> <!-- loginFailedWithInvalidPasswordTest -->
        <test-method is-config="true" signature="teardown(org.testng.ITestContext)[pri:0, instance:com.juaracoding.swaglabs.LoginTest@795cd85e]" started-at="2025-11-21T19:59:43 ICT" name="teardown" finished-at="2025-11-21T19:59:45 ICT" duration-ms="1160" status="PASS">
          <params>
            <param index="0">
              <value>
                <![CDATA[org.testng.TestRunner@1e86a5a7]]>
              </value>
            </param>
          </params>
          <reporter-output>
          </reporter-output>
        </test-method> <!-- teardown -->
        <test-method is-config="true" signature="setUp(org.testng.ITestContext)[pri:0, instance:com.juaracoding.swaglabs.LoginTest@795cd85e]" started-at="2025-11-21T19:59:45 ICT" name="setUp" finished-at="2025-11-21T19:59:52 ICT" duration-ms="7289" status="PASS">
          <params>
            <param index="0">
              <value>
                <![CDATA[org.testng.TestRunner@1e86a5a7]]>
              </value>
            </param>
          </params>
          <reporter-output>
          </reporter-output>
        </test-method> <!-- setUp -->
        <test-method signature="loginWithNullPasswordTest(java.lang.String,java.lang.String)[pri:4, instance:com.juaracoding.swaglabs.LoginTest@795cd85e]" started-at="2025-11-21T19:59:52 ICT" name="loginWithNullPasswordTest" finished-at="2025-11-21T19:59:52 ICT" duration-ms="278" status="PASS">
          <params>
            <param index="0">
              <value>
                <![CDATA[]]>
              </value>
            </param>
            <param index="1">
              <value>
                <![CDATA[]]>
              </value>
            </param>
          </params>
          <reporter-output>
            <line>
              <![CDATA[<div><img style='width: 30%' src='../screenshots/loginWithNullPasswordTest_success_2025-11-21_19-59-52.png' /></div>]]>
            </line>
            <line>
              <![CDATA[<div><a href='../screenshots/loginWithNullPasswordTest_success_2025-11-21_19-59-52.png' target='_blank'>loginWithNullPasswordTest</a></div>]]>
            </line>
          </reporter-output>
        </test-method> <!-- loginWithNullPasswordTest -->
        <test-method is-config="true" signature="teardown(org.testng.ITestContext)[pri:0, instance:com.juaracoding.swaglabs.LoginTest@795cd85e]" started-at="2025-11-21T19:59:52 ICT" name="teardown" finished-at="2025-11-21T19:59:53 ICT" duration-ms="1226" status="PASS">
          <params>
            <param index="0">
              <value>
                <![CDATA[org.testng.TestRunner@1e86a5a7]]>
              </value>
            </param>
          </params>
          <reporter-output>
          </reporter-output>
        </test-method> <!-- teardown -->
        <test-method is-config="true" signature="setUp(org.testng.ITestContext)[pri:0, instance:com.juaracoding.swaglabs.LoginTest@795cd85e]" started-at="2025-11-21T19:59:53 ICT" name="setUp" finished-at="2025-11-21T20:00:02 ICT" duration-ms="8828" status="PASS">
          <params>
            <param index="0">
              <value>
                <![CDATA[org.testng.TestRunner@1e86a5a7]]>
              </value>
            </param>
          </params>
          <reporter-output>
          </reporter-output>
        </test-method> <!-- setUp -->
        <test-method signature="loginWithNullUsernameAndNullPasswordTest(java.lang.String,java.lang.String)[pri:5, instance:com.juaracoding.swaglabs.LoginTest@795cd85e]" started-at="2025-11-21T20:00:02 ICT" name="loginWithNullUsernameAndNullPasswordTest" finished-at="2025-11-21T20:00:02 ICT" duration-ms="235" status="PASS">
          <params>
            <param index="0">
              <value>
                <![CDATA[standard_user]]>
              </value>
            </param>
            <param index="1">
              <value>
                <![CDATA[]]>
              </value>
            </param>
          </params>
          <reporter-output>
            <line>
              <![CDATA[<div><img style='width: 30%' src='../screenshots/loginWithNullUsernameAndNullPasswordTest_success_2025-11-21_20-00-02.png' /></div>]]>
            </line>
            <line>
              <![CDATA[<div><a href='../screenshots/loginWithNullUsernameAndNullPasswordTest_success_2025-11-21_20-00-02.png' target='_blank'>loginWithNullUsernameAndNullPasswordTest</a></div>]]>
            </line>
          </reporter-output>
        </test-method> <!-- loginWithNullUsernameAndNullPasswordTest -->
        <test-method is-config="true" signature="teardown(org.testng.ITestContext)[pri:0, instance:com.juaracoding.swaglabs.LoginTest@795cd85e]" started-at="2025-11-21T20:00:02 ICT" name="teardown" finished-at="2025-11-21T20:00:03 ICT" duration-ms="992" status="PASS">
          <params>
            <param index="0">
              <value>
                <![CDATA[org.testng.TestRunner@1e86a5a7]]>
              </value>
            </param>
          </params>
          <reporter-output>
          </reporter-output>
        </test-method> <!-- teardown -->
      </class> <!-- com.juaracoding.swaglabs.LoginTest -->
    </test> <!-- Basic Test -->
  </suite> <!-- Java Testing -->
</testng-results>
