<?xml version="1.0" encoding="UTF-8"?>
<!-- Generated by org.testng.reporters.JUnitReportReporter -->
<testsuite hostname="Nuel-Legion" failures="0" tests="5" name="com.juaracoding.swaglabs.LoginTest" time="59.199" errors="0" timestamp="2025-11-17T18:37:17 ICT" skipped="0">
  <testcase classname="com.juaracoding.swaglabs.LoginTest" name="loginSuccessWithValidCredentialTest" time="12.856">
    <system-out>
      <![CDATA[<img style='width: 30%' src='../screenshots/loginSuccessWithValidCredentialTest_01_2025-11-17_18-36-19.png' />
<br /> <strong>../screenshots/loginSuccessWithValidCredentialTest_01_2025-11-17_18-36-19.png</strong>]]>
    </system-out>
  </testcase> <!-- loginSuccessWithValidCredentialTest -->
  <testcase classname="com.juaracoding.swaglabs.LoginTest" name="loginFailedWithInvalidPasswordTest" time="12.497">
    <system-out>
      <![CDATA[<img style='width: 30%' src='../screenshots/loginFailedWithInvalidPasswordTest_02_2025-11-17_18-36-32.png' />
<br /> <strong>../screenshots/loginFailedWithInvalidPasswordTest_02_2025-11-17_18-36-32.png</strong>]]>
    </system-out>
  </testcase> <!-- loginFailedWithInvalidPasswordTest -->
  <testcase classname="com.juaracoding.swaglabs.LoginTest" name="loginFailedWithInvalidUsernameTest" time="10.460">
    <system-out>
      <![CDATA[<img style='width: 30%' src='../screenshots/loginFailedWithInvalidUsernameTest_03_2025-11-17_18-36-42.png' />
<br /> <strong>../screenshots/loginFailedWithInvalidUsernameTest_03_2025-11-17_18-36-42.png</strong>]]>
    </system-out>
  </testcase> <!-- loginFailedWithInvalidUsernameTest -->
  <testcase classname="com.juaracoding.swaglabs.LoginTest" name="loginWithNullPasswordTest" time="13.228">
    <system-out>
      <![CDATA[<img style='width: 30%' src='../screenshots/loginWithNullPasswordTest_04_2025-11-17_18-36-56.png' />
<br /> <strong>../screenshots/loginWithNullPasswordTest_04_2025-11-17_18-36-56.png</strong>]]>
    </system-out>
  </testcase> <!-- loginWithNullPasswordTest -->
  <testcase classname="com.juaracoding.swaglabs.LoginTest" name="loginWithNullUsernameAndNullPasswordTest" time="10.158">
    <system-out>
      <![CDATA[<img style='width: 30%' src='../screenshots/loginWithNullUsernameAndNullPasswordTest_05_2025-11-17_18-37-06.png' />
<br /> <strong>../screenshots/loginWithNullUsernameAndNullPasswordTest_05_2025-11-17_18-37-06.png</strong>]]>
    </system-out>
  </testcase> <!-- loginWithNullUsernameAndNullPasswordTest -->
  <system-out>
    <![CDATA[<img style='width: 30%' src='../screenshots/loginSuccessWithValidCredentialTest_01_2025-11-17_18-36-19.png' />
<br /> <strong>../screenshots/loginSuccessWithValidCredentialTest_01_2025-11-17_18-36-19.png</strong>
<img style='width: 30%' src='../screenshots/loginFailedWithInvalidPasswordTest_02_2025-11-17_18-36-32.png' />
<br /> <strong>../screenshots/loginFailedWithInvalidPasswordTest_02_2025-11-17_18-36-32.png</strong>
<img style='width: 30%' src='../screenshots/loginFailedWithInvalidUsernameTest_03_2025-11-17_18-36-42.png' />
<br /> <strong>../screenshots/loginFailedWithInvalidUsernameTest_03_2025-11-17_18-36-42.png</strong>
<img style='width: 30%' src='../screenshots/loginWithNullPasswordTest_04_2025-11-17_18-36-56.png' />
<br /> <strong>../screenshots/loginWithNullPasswordTest_04_2025-11-17_18-36-56.png</strong>
<img style='width: 30%' src='../screenshots/loginWithNullUsernameAndNullPasswordTest_05_2025-11-17_18-37-06.png' />
<br /> <strong>../screenshots/loginWithNullUsernameAndNullPasswordTest_05_2025-11-17_18-37-06.png</strong>
<img style='width: 30%' src='../screenshots/addSingleProductToChartTest_01_2025-11-17_18-37-16.png' />
<br /> <strong>../screenshots/addSingleProductToChartTest_01_2025-11-17_18-37-16.png</strong>]]>
  </system-out>
</testsuite> <!-- com.juaracoding.swaglabs.LoginTest -->
