<?xml version="1.0" encoding="UTF-8"?>
<!-- Generated by org.testng.reporters.JUnitReportReporter -->
<testsuite hostname="Nuel-Legion" failures="0" tests="1" name="com.juaracoding.swaglabs.InventoryTest" time="10.018" errors="0" timestamp="2025-11-17T18:37:17 ICT" skipped="0">
  <testcase classname="com.juaracoding.swaglabs.InventoryTest" name="addSingleProductToChartTest" time="10.018">
    <system-out>
      <![CDATA[<img style='width: 30%' src='../screenshots/addSingleProductToChartTest_01_2025-11-17_18-37-16.png' />
<br /> <strong>../screenshots/addSingleProductToChartTest_01_2025-11-17_18-37-16.png</strong>]]>
    </system-out>
  </testcase> <!-- addSingleProductToChartTest -->
  <system-out>
    <![CDATA[<img style='width: 30%' src='../screenshots/loginSuccessWithValidCredentialTest_01_2025-11-17_18-36-19.png' />
<br /> <strong>../screenshots/loginSuccessWithValidCredentialTest_01_2025-11-17_18-36-19.png</strong>
<img style='width: 30%' src='../screenshots/loginFailedWithInvalidPasswordTest_02_2025-11-17_18-36-32.png' />
<br /> <strong>../screenshots/loginFailedWithInvalidPasswordTest_02_2025-11-17_18-36-32.png</strong>
<img style='width: 30%' src='../screenshots/loginFailedWithInvalidUsernameTest_03_2025-11-17_18-36-42.png' />
<br /> <strong>../screenshots/loginFailedWithInvalidUsernameTest_03_2025-11-17_18-36-42.png</strong>
<img style='width: 30%' src='../screenshots/loginWithNullPasswordTest_04_2025-11-17_18-36-56.png' />
<br /> <strong>../screenshots/loginWithNullPasswordTest_04_2025-11-17_18-36-56.png</strong>
<img style='width: 30%' src='../screenshots/loginWithNullUsernameAndNullPasswordTest_05_2025-11-17_18-37-06.png' />
<br /> <strong>../screenshots/loginWithNullUsernameAndNullPasswordTest_05_2025-11-17_18-37-06.png</strong>
<img style='width: 30%' src='../screenshots/addSingleProductToChartTest_01_2025-11-17_18-37-16.png' />
<br /> <strong>../screenshots/addSingleProductToChartTest_01_2025-11-17_18-37-16.png</strong>]]>
  </system-out>
</testsuite> <!-- com.juaracoding.swaglabs.InventoryTest -->
