<?xml version="1.0" encoding="UTF-8"?>
<!-- Generated by org.testng.reporters.JUnitReportReporter -->
<testsuite hostname="Nuel-Legion" failures="0" tests="5" name="com.juaracoding.swaglabs.LoginTest" time="48.063" errors="0" timestamp="2025-11-21T20:01:34 ICT" skipped="0">
  <testcase classname="com.juaracoding.swaglabs.LoginTest" name="loginSuccessWithValidCredentialTest" time="9.948">
    <system-out>
      <![CDATA[<div><img style='width: 30%' src='../screenshots/loginSuccessWithValidCredentialTest_success_2025-11-21_19-59-24.png' /></div>
<div><a href='../screenshots/loginSuccessWithValidCredentialTest_success_2025-11-21_19-59-24.png' target='_blank'>loginSuccessWithValidCredentialTest</a></div>]]>
    </system-out>
  </testcase> <!-- loginSuccessWithValidCredentialTest -->
  <testcase classname="com.juaracoding.swaglabs.LoginTest" name="loginFailedWithInvalidUsernameTest" time="9.707">
    <system-out>
      <![CDATA[<div><img style='width: 30%' src='../screenshots/loginFailedWithInvalidUsernameTest_success_2025-11-21_19-59-33.png' /></div>
<div><a href='../screenshots/loginFailedWithInvalidUsernameTest_success_2025-11-21_19-59-33.png' target='_blank'>loginFailedWithInvalidUsernameTest</a></div>]]>
    </system-out>
  </testcase> <!-- loginFailedWithInvalidUsernameTest -->
  <testcase classname="com.juaracoding.swaglabs.LoginTest" name="loginFailedWithInvalidPasswordTest" time="8.838">
    <system-out>
      <![CDATA[<div><img style='width: 30%' src='../screenshots/loginFailedWithInvalidPasswordTest_success_2025-11-21_19-59-43.png' /></div>
<div><a href='../screenshots/loginFailedWithInvalidPasswordTest_success_2025-11-21_19-59-43.png' target='_blank'>loginFailedWithInvalidPasswordTest</a></div>]]>
    </system-out>
  </testcase> <!-- loginFailedWithInvalidPasswordTest -->
  <testcase classname="com.juaracoding.swaglabs.LoginTest" name="loginWithNullPasswordTest" time="9.112">
    <system-out>
      <![CDATA[<div><img style='width: 30%' src='../screenshots/loginWithNullPasswordTest_success_2025-11-21_19-59-52.png' /></div>
<div><a href='../screenshots/loginWithNullPasswordTest_success_2025-11-21_19-59-52.png' target='_blank'>loginWithNullPasswordTest</a></div>]]>
    </system-out>
  </testcase> <!-- loginWithNullPasswordTest -->
  <testcase classname="com.juaracoding.swaglabs.LoginTest" name="loginWithNullUsernameAndNullPasswordTest" time="10.458">
    <system-out>
      <![CDATA[<div><img style='width: 30%' src='../screenshots/loginWithNullUsernameAndNullPasswordTest_success_2025-11-21_20-00-02.png' /></div>
<div><a href='../screenshots/loginWithNullUsernameAndNullPasswordTest_success_2025-11-21_20-00-02.png' target='_blank'>loginWithNullUsernameAndNullPasswordTest</a></div>]]>
    </system-out>
  </testcase> <!-- loginWithNullUsernameAndNullPasswordTest -->
  <system-out>
    <![CDATA[<div><img style='width: 30%' src='../screenshots/loginSuccessWithValidCredentialTest_success_2025-11-21_19-59-24.png' /></div>
<div><a href='../screenshots/loginSuccessWithValidCredentialTest_success_2025-11-21_19-59-24.png' target='_blank'>loginSuccessWithValidCredentialTest</a></div>
<div><img style='width: 30%' src='../screenshots/loginFailedWithInvalidUsernameTest_success_2025-11-21_19-59-33.png' /></div>
<div><a href='../screenshots/loginFailedWithInvalidUsernameTest_success_2025-11-21_19-59-33.png' target='_blank'>loginFailedWithInvalidUsernameTest</a></div>
<div><img style='width: 30%' src='../screenshots/loginFailedWithInvalidPasswordTest_success_2025-11-21_19-59-43.png' /></div>
<div><a href='../screenshots/loginFailedWithInvalidPasswordTest_success_2025-11-21_19-59-43.png' target='_blank'>loginFailedWithInvalidPasswordTest</a></div>
<div><img style='width: 30%' src='../screenshots/loginWithNullPasswordTest_success_2025-11-21_19-59-52.png' /></div>
<div><a href='../screenshots/loginWithNullPasswordTest_success_2025-11-21_19-59-52.png' target='_blank'>loginWithNullPasswordTest</a></div>
<div><img style='width: 30%' src='../screenshots/loginWithNullUsernameAndNullPasswordTest_success_2025-11-21_20-00-02.png' /></div>
<div><a href='../screenshots/loginWithNullUsernameAndNullPasswordTest_success_2025-11-21_20-00-02.png' target='_blank'>loginWithNullUsernameAndNullPasswordTest</a></div>
<div><img style='width: 30%' src='../screenshots/addSingleProductToCartTest_success_2025-11-21_20-00-19.png' /></div>
<div><a href='../screenshots/addSingleProductToCartTest_success_2025-11-21_20-00-19.png' target='_blank'>addSingleProductToCartTest</a></div>
<div><img style='width: 30%' src='../screenshots/addMultipleProductToCartTest_success_2025-11-21_20-00-29.png' /></div>
<div><a href='../screenshots/addMultipleProductToCartTest_success_2025-11-21_20-00-29.png' target='_blank'>addMultipleProductToCartTest</a></div>
<div><img style='width: 30%' src='../screenshots/deleteProductFromInventariesPageTest_success_2025-11-21_20-00-44.png' /></div>
<div><a href='../screenshots/deleteProductFromInventariesPageTest_success_2025-11-21_20-00-44.png' target='_blank'>deleteProductFromInventariesPageTest</a></div>
<div><img style='width: 30%' src='../screenshots/orderLowToHighBasePriceTest_success_2025-11-21_20-00-55.png' /></div>
<div><a href='../screenshots/orderLowToHighBasePriceTest_success_2025-11-21_20-00-55.png' target='_blank'>orderLowToHighBasePriceTest</a></div>
<div><img style='width: 30%' src='../screenshots/forbidenAccessToInventoryPageWithoutLoginTest_success_2025-11-21_20-01-07.png' /></div>
<div><a href='../screenshots/forbidenAccessToInventoryPageWithoutLoginTest_success_2025-11-21_20-01-07.png' target='_blank'>forbidenAccessToInventoryPageWithoutLoginTest</a></div>
<div><img style='width: 30%' src='../screenshots/resetApplicationSateAfterProductAddTest_fail_2025-11-21_20-01-33.png' /></div>
<div><a href='../screenshots/resetApplicationSateAfterProductAddTest_fail_2025-11-21_20-01-33.png' target='_blank'>resetApplicationSateAfterProductAddTest</a></div>]]>
  </system-out>
</testsuite> <!-- com.juaracoding.swaglabs.LoginTest -->
